-------------------------------------------------------------------------------
Test set: runner.TestRunner
-------------------------------------------------------------------------------
Tests run: 1, Failures: 1, Errors: 0, Skipped: 0, Time elapsed: 18.118 s <<< FAILURE! - in runner.TestRunner
User add HP LP 3065 from Desktops tab to the cart(Desktops Tab)  Time elapsed: 14.46 s  <<< FAILURE!
org.junit.ComparisonFailure: expected:<Success: [You have added HP LP3065 to your s]hopping cart!> but was:<Success: [you have added HP LP 3065 to your S]hopping cart!>

