<?xml version="1.0" encoding="UTF-8"?>
<testsuite xmlns:xsi="http://www.w3.org/2001/XMLSchema-instance" xsi:noNamespaceSchemaLocation="https://maven.apache.org/surefire/maven-surefire-plugin/xsd/surefire-test-report.xsd" name="runner.TestRunner" time="90.937" tests="2" errors="2" skipped="0" failures="0">
  <properties>
[...]
</properties>
  <testcase name="Register as an Affiliate user with Cheque Payment Method" classname="Rtail page" time="51.059">
    <error message="Keys to send should be a not null CharSequence" type="java.lang.IllegalArgumentException">java.lang.IllegalArgumentException: Keys to send should be a not null CharSequence
</error>
    <system-out><![CDATA[
@background
Scenario: Register as an Affiliate user with Cheque Payment Method     # feature/RetailPage.feature:12
 INFO [main] (Initializer.java:19)- Scenario Register as an Affiliate user with Cheque Payment Method Started
 INFO [main] (RetailStepDefinition.java:27)- User is on Retail website
  Given User is on Retail website                                      # step.definition.RetailStepDefinition.User_is_on_Retail_website()
 INFO [main] (RetailStepDefinition.java:35)- User click on MyAccount
  And User click on MyAccount                                          # step.definition.RetailStepDefinition.User_click_on_MyAccount()
 INFO [main] (RetailStepDefinition.java:42)- User click on Login
  When User click on Login                                             # step.definition.RetailStepDefinition.User_click_on_Login()
 INFO [main] (RetailStepDefinition.java:48)- user enter username ahmada@gmail.com and  password 1234567890
  And User enter username 'ahmada@gmail.com' and password '1234567890' # step.definition.RetailStepDefinition.User_enter_username_and_password(java.lang.String,java.lang.String)
 INFO [main] (RetailStepDefinition.java:55)- User click on Login button
  And User click on Login button                                       # step.definition.RetailStepDefinition.User_click_on_Login_button()
 INFO [main] (RetailStepDefinition.java:62)- User should be logged in to MyAccount dashboard
  Then User should be logged in to MyAccount dashboard                 # step.definition.RetailStepDefinition.User_should_be_logged_in_to_MyAccount_dashboard()
 INFO [main] (RetailStepDefinition.java:73)- User click on ‘Register for an Affiliate Account’ link
  When User click on â€˜Register for an Affiliate Accountâ€™ link          # step.definition.RetailStepDefinition.user_click_on_register_for_an_affiliate_account_link()
  And User fill affiliate form with below information                  # step.definition.RetailStepDefinition.user_fill_affiliate_form_with_below_information(io.cucumber.datatable.DataTable)
      java.lang.IllegalArgumentException: Keys to send should be a not null CharSequence
	at org.openqa.selenium.remote.RemoteWebElement.sendKeys(RemoteWebElement.java:97)
	at java.base/jdk.internal.reflect.NativeMethodAccessorImpl.invoke0(Native Method)
	at java.base/jdk.internal.reflect.NativeMethodAccessorImpl.invoke(NativeMethodAccessorImpl.java:77)
	at java.base/jdk.internal.reflect.DelegatingMethodAccessorImpl.invoke(DelegatingMethodAccessorImpl.java:43)
	at java.base/java.lang.reflect.Method.invoke(Method.java:568)
	at org.openqa.selenium.support.pagefactory.internal.LocatingElementHandler.invoke(LocatingElementHandler.java:51)
	at jdk.proxy2/jdk.proxy2.$Proxy20.sendKeys(Unknown Source)
	at page.objects.RetailPageObject.enterWebsiteInput(RetailPageObject.java:120)
	at step.definition.RetailStepDefinition.user_fill_affiliate_form_with_below_information(RetailStepDefinition.java:84)
	at âœ½.User fill affiliate form with below information(classpath:feature/RetailPage.feature:14)

  And User check on About us check box                                 # step.definition.RetailStepDefinition.user_check_on_about_us_check_box()
  And User click on Continue button                                    # step.definition.RetailStepDefinition.user_click_on_continue_button()
  Then User should see a success message                               # step.definition.RetailStepDefinition.user_should_see_a_success_message()
 INFO [main] (Initializer.java:29)- Scenario Register as an Affiliate user with Cheque Payment MethodFAILED
]]></system-out>
    <system-err><![CDATA[SLF4J: Failed to load class "org.slf4j.impl.StaticLoggerBinder".
SLF4J: Defaulting to no-operation (NOP) logger implementation
SLF4J: See http://www.slf4j.org/codes.html#StaticLoggerBinder for further details.
Starting ChromeDriver 102.0.5005.61 (0e59bcc00cc4985ce39ad31c150065f159d95ad3-refs/branch-heads/5005@{#819}) on port 21400
Only local connections are allowed.
Please see https://chromedriver.chromium.org/security-considerations for suggestions on keeping ChromeDriver safe.
ChromeDriver was started successfully.
Jun 25, 2022 8:05:23 AM org.openqa.selenium.remote.ProtocolHandshake createSession
INFO: Detected dialect: W3C
]]></system-err>
  </testcase>
  <testcase name="Edit your affiliate information from Cheque payment method to Bank Transfer" classname="Rtail page" time="36.977">
    <error message="Cannot locate an element using xpath=//input[@value=&apos;Continue&apos;]&#10;For documentation on this error, please visit: https://www.seleniumhq.org/exceptions/no_such_element.html&#10;Build info: version: &apos;3.141.59&apos;, revision: &apos;e82be7d358&apos;, time: &apos;2018-11-14T08:17:03&apos;&#10;System info: host: &apos;MK&apos;, ip: &apos;10.0.0.199&apos;, os.name: &apos;Windows 10&apos;, os.arch: &apos;amd64&apos;, os.version: &apos;10.0&apos;, java.version: &apos;17.0.3&apos;&#10;Driver info: driver.version: RemoteWebDriver" type="org.openqa.selenium.NoSuchElementException">org.openqa.selenium.NoSuchElementException: 
Cannot locate an element using xpath=//input[@value='Continue']
For documentation on this error, please visit: https://www.seleniumhq.org/exceptions/no_such_element.html
Build info: version: '3.141.59', revision: 'e82be7d358', time: '2018-11-14T08:17:03'
System info: host: 'MK', ip: '10.0.0.199', os.name: 'Windows 10', os.arch: 'amd64', os.version: '10.0', java.version: '17.0.3'
Driver info: driver.version: RemoteWebDriver
</error>
    <system-out><![CDATA[
@background
Scenario: Edit your affiliate information from Cheque payment method to Bank Transfer # feature/RetailPage.feature:21
 INFO [main] (Initializer.java:19)- Scenario Edit your affiliate information from Cheque payment method to Bank Transfer Started
 INFO [main] (RetailStepDefinition.java:27)- User is on Retail website
  Given User is on Retail website                                                     # step.definition.RetailStepDefinition.User_is_on_Retail_website()
 INFO [main] (RetailStepDefinition.java:35)- User click on MyAccount
  And User click on MyAccount                                                         # step.definition.RetailStepDefinition.User_click_on_MyAccount()
 INFO [main] (RetailStepDefinition.java:42)- User click on Login
  When User click on Login                                                            # step.definition.RetailStepDefinition.User_click_on_Login()
 INFO [main] (RetailStepDefinition.java:48)- user enter username ahmada@gmail.com and  password 1234567890
  And User enter username 'ahmada@gmail.com' and password '1234567890'                # step.definition.RetailStepDefinition.User_enter_username_and_password(java.lang.String,java.lang.String)
 INFO [main] (RetailStepDefinition.java:55)- User click on Login button
  And User click on Login button                                                      # step.definition.RetailStepDefinition.User_click_on_Login_button()
 INFO [main] (RetailStepDefinition.java:62)- User should be logged in to MyAccount dashboard
  Then User should be logged in to MyAccount dashboard                                # step.definition.RetailStepDefinition.User_should_be_logged_in_to_MyAccount_dashboard()
  When User click on â€˜Edit your affiliate informationlink                             # step.definition.RetailStepDefinition.user_click_on_edit_your_affiliate_informationlink()
  And user click on Bank Transfer radio button                                        # step.definition.RetailStepDefinition.user_click_on_bank_transfer_radio_button()
  And User fill Bank information with below information                               # step.definition.RetailStepDefinition.user_fill_bank_information_with_below_information(io.cucumber.datatable.DataTable)
  And User click on Continue button                                                   # step.definition.RetailStepDefinition.user_click_on_continue_button()
      org.openqa.selenium.NoSuchElementException: Cannot locate an element using xpath=//input[@value='Continue']
For documentation on this error, please visit: https://www.seleniumhq.org/exceptions/no_such_element.html
Build info: version: '3.141.59', revision: 'e82be7d358', time: '2018-11-14T08:17:03'
System info: host: 'MK', ip: '10.0.0.199', os.name: 'Windows 10', os.arch: 'amd64', os.version: '10.0', java.version: '17.0.3'
Driver info: driver.version: RemoteWebDriver
	at org.openqa.selenium.remote.RemoteWebDriver.findElement(RemoteWebDriver.java:327)
	at org.openqa.selenium.remote.RemoteWebDriver.findElementByXPath(RemoteWebDriver.java:428)
	at org.openqa.selenium.By$ByXPath.findElement(By.java:353)
	at org.openqa.selenium.remote.RemoteWebDriver.findElement(RemoteWebDriver.java:315)
	at org.openqa.selenium.support.pagefactory.DefaultElementLocator.findElement(DefaultElementLocator.java:69)
	at org.openqa.selenium.support.pagefactory.internal.LocatingElementHandler.invoke(LocatingElementHandler.java:38)
	at jdk.proxy2/jdk.proxy2.$Proxy20.click(Unknown Source)
	at page.objects.RetailPageObject.clickOnContinueButton(RetailPageObject.java:153)
	at step.definition.RetailStepDefinition.user_click_on_continue_button(RetailStepDefinition.java:105)
	at âœ½.User click on Continue button(classpath:feature/RetailPage.feature:27)

  Then User should see a success messag                                               # step.definition.RetailStepDefinition.user_should_see_a_success_messag()
 INFO [main] (Initializer.java:29)- Scenario Edit your affiliate information from Cheque payment method to Bank TransferFAILED
]]></system-out>
    <system-err><![CDATA[Starting ChromeDriver 102.0.5005.61 (0e59bcc00cc4985ce39ad31c150065f159d95ad3-refs/branch-heads/5005@{#819}) on port 37041
Only local connections are allowed.
Please see https://chromedriver.chromium.org/security-considerations for suggestions on keeping ChromeDriver safe.
ChromeDriver was started successfully.
Jun 25, 2022 8:06:13 AM org.openqa.selenium.remote.ProtocolHandshake createSession
INFO: Detected dialect: W3C
]]></system-err>
  </testcase>
</testsuite>